<?xml version="1.0" encoding="UTF-8"?>

<beans xmlns="http://www.springframework.org/schema/beans"
       xmlns:xsi="http://www.w3.org/2001/XMLSchema-instance"
       xmlns:context="http://www.springframework.org/schema/context"
       xmlns:aop="http://www.springframework.org/schema/aop"
       xsi:schemaLocation="http://www.springframework.org/schema/beans
           http://www.springframework.org/schema/beans/spring-beans-3.0.xsd
           http://www.springframework.org/schema/aop
           http://www.springframework.org/schema/aop/spring-aop-3.0.xsd
           http://www.springframework.org/schema/context
           http://www.springframework.org/schema/context/spring-context-3.0.xsd">
      
     <context:annotation-config />

	<!-- ********************************************************************************************** -->
	<!-- Configuration of Datasource                   -->
	<!-- ********************************************************************************************** -->

	<bean id="dataSource"
		class="org.springframework.jdbc.datasource.DriverManagerDataSource">
		<property name="driverClassName" value="org.hsqldb.jdbcDriver" />
		<property name="url" value="jdbc:hsqldb:mem:bpse-sample-medium" />
		<property name="username" value="sa" />
		<property name="password" value="" />
	</bean>


	<!-- ********************************************************************************************** -->
	<!-- Configuration of iBATIS 3 Environment -->
	<!-- ********************************************************************************************** -->

    <bean id="environment" class="org.apache.ibatis.mapping.Environment">
        <constructor-arg index="0" value="default"/>
        <constructor-arg index="1" ref="transactionFactory"/>
        <constructor-arg index="2" ref="dataSource"/>
    </bean>

	<!-- ********************************************************************************************** -->
	<!-- Configuration of iBatis session factory and transaction factory -->
	<!-- ********************************************************************************************** -->
	
	<bean id="sqlSessionFactory" 
    	class="at.ac.tuwien.ifs.bpse.persistence.SqlSessionFactoryBean">
        <property name="configLocation" value="classpath:iBatisConfiguration.xml"/>
        <property name="environment" ref="environment"/>
    </bean>
	
	<bean id="transactionFactory" class="at.ac.tuwien.ifs.bpse.persistence.SpringTransactionFactory">
        <constructor-arg index="0" ref="dataSource"/>
    </bean>
 
	<bean id="StudentDAO"
        class="at.ac.tuwien.ifs.bpse.dao.SqlMapStudentDao">
        <property name="sqlSessionFactory" ref="sqlSessionFactory" />
    </bean>
    
    <!-- ********************************************************************************************** -->
    <!-- Model Beans Testdata                                                                           -->
    <!-- ********************************************************************************************** -->

    <bean id="StudentUpdateDelete"
        class="at.ac.tuwien.ifs.bpse.domain.Student">
        <description>
            A Student for testting the UPDATE and DELETE method
        </description>
        <property name="id" value="41" />
        <property name="matnr" value="0926759" />
        <property name="firstname" value="Test" />
        <property name="lastname" value="Student" />
        <property name="email"
            value="test.student@qse.ifs.tuwien.ac.at" />
    </bean>

    <bean id="StudentGet"
        class="at.ac.tuwien.ifs.bpse.domain.Student">
        <description>
            A Student for testting the SELECT method
        </description>
        <property name="id" value="42" />
        <property name="matnr" value="8027164" />
        <property name="firstname" value="Alex" />
        <property name="lastname" value="Rodrigues" />
        <property name="email" value="alex.r@info.com" />
    </bean>

    <bean id="StudentAdd"
        class="at.ac.tuwien.ifs.bpse.domain.Student">
        <description>
            A Student for testing the INSERT method
        </description>
        <property name="id" value="2" />
        <property name="matnr" value="8765432" />
        <property name="firstname" value="Hubert" />
        <property name="lastname" value="Meixner" />
        <property name="email" value="hubert@meixner.test" />
    </bean>
    
    <bean id="CourseUpdateDelete"
        class="at.ac.tuwien.ifs.bpse.domain.Course">
        <description>
            A Course for testting the UPDATE and DELETE method
        </description>
        <property name="id" value="2" />
        <property name="title" value="ASE" />
        <property name="ects" value="3.5" />
    </bean>

    <bean id="CourseGet"
        class="at.ac.tuwien.ifs.bpse.domain.Course">
        <description>
            A Course for testting the SELECT method
        </description>
        <property name="id" value="2" />
        <property name="title" value="SEPM" />
        <property name="ects" value='4.5' />
    </bean>

    <bean id="CourseAdd"
        class="at.ac.tuwien.ifs.bpse.domain.Course">
        <description>
            A Course for testing the INSERT method
        </description>
        <property name="id" value="509" />
        <property name="title" value="ASE" />
        <property name="ects" value="6.5" />
    </bean>
    
    <bean id="ProfessorUpdateDelete"
        class="at.ac.tuwien.ifs.bpse.domain.Professor">
        <description>
            A Professor for testting the UPDATE and DELETE method
        </description>
        <property name="id" value="3" />
        <property name="officenr" value="188" />
        <property name="firstname" value="Assi" />
        <property name="lastname" value="1" />
        <property name="email" value="assi@info.com" />
    </bean>

    <bean id="ProfessorGet"
        class="at.ac.tuwien.ifs.bpse.domain.Professor">
        <description>
            A Professor for testting the SELECT method
        </description>
        <property name="id" value="3" />
        <property name="officenr" value="188" />
        <property name="firstname" value="Assi" />
        <property name="lastname" value="1" />
        <property name="email" value="assi@info.com" />
    </bean>
	
    <bean id="ProfessorAdd"
        class="at.ac.tuwien.ifs.bpse.domain.Professor">
        <description>
            A Professor for testing the INSERT method
        </description>
        <property name="id" value="2" />
        <property name="officenr" value="8765432" />
        <property name="firstname" value="Hubert" />
        <property name="lastname" value="Meixner" />
        <property name="email" value="hubert@meixner.test" />
    </bean>
    
    <bean id="ExamUpdateDelete"
        class="at.ac.tuwien.ifs.bpse.domain.Exam">
        <description>
            A Exam for testting the UPDATE and DELETE method
        </description>
        <property name="id" value="509" />
        <property name="location" value="Buero" />
        <property name="exdate"> <value type="java.util.Date">2008-08-08 20:08:08</value> </property>
        <property name="course" ref="CourseGet" />
    </bean>

    <bean id="ExamGet"
        class="at.ac.tuwien.ifs.bpse.domain.Exam">
        <description>
            A Exam for testting the SELECT method
        </description>
        <property name="id" value="509" />
        <property name="location" value="Frogger" />
        <property name="exdate"> <value type="java.util.Date">2008-08-08 20:08:08</value> </property>
        <property name="course" ref="CourseGet" />
    </bean>

	<bean id="customEditorConfigurer"
		class="org.springframework.beans.factory.config.CustomEditorConfigurer">
		<property name="customEditors">
			<map>
				<entry key="java.util.Date">
					<bean class="org.springframework.beans.propertyeditors.CustomDateEditor">
						<constructor-arg index="0">
							<bean class="java.text.SimpleDateFormat">
								<constructor-arg value="yyy-dd-mm hh:mm:ss" />
							</bean>
						</constructor-arg>
						<constructor-arg index="1" value="false" />
					</bean>
				</entry>
			</map>
		</property>
	</bean>

    <bean id="ExamAdd"
        class="at.ac.tuwien.ifs.bpse.domain.Exam">
        <description>
            A Exam for testing the INSERT method
        </description>
         <property name="id" value="510" />
        <property name="location" value="Buero 2" />
        <property name="exdate"> <value type="java.util.Date">2008-08-08 20:08:08</value> </property>
        <property name="course" ref="CourseGet" />
    </bean>
    
</beans>
